# JRE version: OpenJDK Runtime Environment (11.0.4+11) (build 11.0.4+11)
# Java VM: OpenJDK 64-Bit Server VM (11.0.4+11, mixed mode, tiered, compressed oops, g1 gc, windows-amd64)
Heap:
 garbage-first heap   total 258048K, used 152817K [0x00000000e0000000, 0x0000000100000000)
  region size 1024K, 32 young (32768K), 6 survivors (6144K)
 Metaspace       used 70713K, capacity 72693K, committed 72856K, reserved 1114112K
  class space    used 7839K, capacity 8694K, committed 8704K, reserved 1048576K
GC Heap History (10 events):
Event: 12.197 GC heap before
{Heap before GC invocations=11 (full 0):
 garbage-first heap   total 258048K, used 182218K [0x00000000e0000000, 0x0000000100000000)
  region size 1024K, 104 young (106496K), 15 survivors (15360K)
 Metaspace       used 62801K, capacity 64635K, committed 64792K, reserved 1105920K
  class space    used 7289K, capacity 8034K, committed 8064K, reserved 1048576K
}
Event: 12.223 GC heap after
{Heap after GC invocations=12 (full 0):
 garbage-first heap   total 258048K, used 132041K [0x00000000e0000000, 0x0000000100000000)
  region size 1024K, 13 young (13312K), 13 survivors (13312K)
 Metaspace       used 62801K, capacity 64635K, committed 64792K, reserved 1105920K
  class space    used 7289K, capacity 8034K, committed 8064K, reserved 1048576K
}
Event: 12.594 GC heap before
{Heap before GC invocations=12 (full 0):
 garbage-first heap   total 258048K, used 162761K [0x00000000e0000000, 0x0000000100000000)
  region size 1024K, 44 young (45056K), 13 survivors (13312K)
 Metaspace       used 64286K, capacity 66266K, committed 66456K, reserved 1107968K
  class space    used 7491K, capacity 8352K, committed 8448K, reserved 1048576K
}
Event: 12.605 GC heap after
{Heap after GC invocations=13 (full 0):
 garbage-first heap   total 258048K, used 135168K [0x00000000e0000000, 0x0000000100000000)
  region size 1024K, 3 young (3072K), 3 survivors (3072K)
 Metaspace       used 64286K, capacity 66266K, committed 66456K, reserved 1107968K
  class space    used 7491K, capacity 8352K, committed 8448K, reserved 1048576K
}
Event: 15.184 GC heap before
{Heap before GC invocations=14 (full 0):
 garbage-first heap   total 258048K, used 165888K [0x00000000e0000000, 0x0000000100000000)
  region size 1024K, 52 young (53248K), 3 survivors (3072K)
 Metaspace       used 69278K, capacity 71346K, committed 71576K, reserved 1112064K
  class space    used 7808K, capacity 8654K, committed 8704K, reserved 1048576K
}
Event: 15.189 GC heap after
{Heap after GC invocations=15 (full 0):
 garbage-first heap   total 258048K, used 122880K [0x00000000e0000000, 0x0000000100000000)
  region size 1024K, 7 young (7168K), 7 survivors (7168K)
 Metaspace       used 69278K, capacity 71346K, committed 71576K, reserved 1112064K
  class space    used 7808K, capacity 8654K, committed 8704K, reserved 1048576K
}
Event: 15.355 GC heap before
{Heap before GC invocations=15 (full 0):
 garbage-first heap   total 258048K, used 132096K [0x00000000e0000000, 0x0000000100000000)
  region size 1024K, 18 young (18432K), 7 survivors (7168K)
 Metaspace       used 69408K, capacity 71365K, committed 71576K, reserved 1112064K
  class space    used 7815K, capacity 8660K, committed 8704K, reserved 1048576K
}
Event: 15.362 GC heap after
{Heap after GC invocations=16 (full 0):
 garbage-first heap   total 258048K, used 125207K [0x00000000e0000000, 0x0000000100000000)
  region size 1024K, 6 young (6144K), 6 survivors (6144K)
 Metaspace       used 69408K, capacity 71365K, committed 71576K, reserved 1112064K
  class space    used 7815K, capacity 8660K, committed 8704K, reserved 1048576K
}
Event: 147.476 GC heap before
{Heap before GC invocations=17 (full 0):
 garbage-first heap   total 258048K, used 169239K [0x00000000e0000000, 0x0000000100000000)
  region size 1024K, 50 young (51200K), 6 survivors (6144K)
 Metaspace       used 70423K, capacity 72437K, committed 72600K, reserved 1114112K
  class space    used 7831K, capacity 8694K, committed 8704K, reserved 1048576K
}
Event: 147.497 GC heap after
{Heap after GC invocations=18 (full 0):
 garbage-first heap   total 258048K, used 128241K [0x00000000e0000000, 0x0000000100000000)
  region size 1024K, 6 young (6144K), 6 survivors (6144K)
 Metaspace       used 70423K, capacity 72437K, committed 72600K, reserved 1114112K
  class space    used 7831K, capacity 8694K, committed 8704K, reserved 1048576K
}

